<?xml version="1.0" encoding="UTF-8"?>
<testng-results ignored="0" total="1" passed="1" failed="0" skipped="0">
  <reporter-output>
  </reporter-output>
  <suite started-at="2020-04-12T16:24:34Z" name="Default suite" finished-at="2020-04-12T16:26:02Z" duration-ms="88176">
    <groups>
    </groups>
    <test started-at="2020-04-12T16:24:34Z" name="Default test" finished-at="2020-04-12T16:26:02Z" duration-ms="88176">
      <class name="testCases.FirstTC">
        <test-method signature="TestCase_1()[pri:0, instance:testCases.FirstTC@557286ad]" started-at="2020-04-12T16:24:34Z" name="TestCase_1" finished-at="2020-04-12T16:26:01Z" duration-ms="87442" status="PASS">
          <reporter-output>
          </reporter-output>
        </test-method> <!-- TestCase_1 -->
      </class> <!-- testCases.FirstTC -->
    </test> <!-- Default test -->
  </suite> <!-- Default suite -->
</testng-results>
